Started GET "/" for ::1 at 2022-02-25 14:52:53 -0600
  [1m[36mActiveRecord::SchemaMigration Pluck (1.7ms)[0m  [1m[34mSELECT `schema_migrations`.`version` FROM `schema_migrations` ORDER BY `schema_migrations`.`version` ASC[0m
Processing by HomeController#index as HTML
  Rendering layout layouts/application.html.erb
  Rendering home/index.html.erb within layouts/application
  Rendered home/index.html.erb within layouts/application (Duration: 11183.1ms | Allocations: 135126)
  Rendered tickets/_nav.html.erb (Duration: 8.1ms | Allocations: 1155)
  Rendered layout layouts/application.html.erb (Duration: 11246.2ms | Allocations: 157758)
Completed 200 OK in 11316ms (Views: 11257.6ms | ActiveRecord: 0.0ms | Allocations: 166643)


Started GET "/images/hero-back-illustration.svg" for ::1 at 2022-02-25 14:53:06 -0600
  
ActionController::RoutingError (No route matches [GET] "/images/hero-back-illustration.svg"):
  
Started GET "/images/cta-illustration.svg" for ::1 at 2022-02-25 14:53:06 -0600
  
ActionController::RoutingError (No route matches [GET] "/images/cta-illustration.svg"):
  
Started GET "/" for ::1 at 2022-02-28 12:55:10 -0600
  [1m[36mActiveRecord::SchemaMigration Pluck (5.5ms)[0m  [1m[34mSELECT `schema_migrations`.`version` FROM `schema_migrations` ORDER BY `schema_migrations`.`version` ASC[0m
Processing by HomeController#index as HTML
  Rendering layout layouts/application.html.erb
  Rendering home/index.html.erb within layouts/application
  Rendered home/index.html.erb within layouts/application (Duration: 877.7ms | Allocations: 28912)
  Rendered tickets/_nav.html.erb (Duration: 46.7ms | Allocations: 1169)
  Rendered layout layouts/application.html.erb (Duration: 1196.9ms | Allocations: 51648)
Completed 200 OK in 1380ms (Views: 1248.4ms | ActiveRecord: 0.0ms | Allocations: 59348)


Started GET "/images/hero-top-illustration.svg" for ::1 at 2022-02-28 12:55:13 -0600
Started GET "/images/cta-illustration.svg" for ::1 at 2022-02-28 12:55:13 -0600
Started GET "/images/hero-back-illustration.svg" for ::1 at 2022-02-28 12:55:13 -0600
  
ActionController::RoutingError (No route matches [GET] "/images/hero-top-illustration.svg"):
  
  
ActionController::RoutingError (No route matches [GET] "/images/cta-illustration.svg"):
  
  
ActionController::RoutingError (No route matches [GET] "/images/hero-back-illustration.svg"):
  
Started GET "/tickets/new" for ::1 at 2022-02-28 12:55:19 -0600
Processing by TicketsController#new as HTML
Completed 401 Unauthorized in 37ms (ActiveRecord: 0.0ms | Allocations: 3766)


Started GET "/users/sign_in" for ::1 at 2022-02-28 12:55:19 -0600
Processing by Devise::SessionsController#new as HTML
  Rendering layout layouts/application.html.erb
  Rendering devise/sessions/new.html.erb within layouts/application
  Rendered devise/shared/_links.html.erb (Duration: 33.9ms | Allocations: 1152)
  Rendered devise/sessions/new.html.erb within layouts/application (Duration: 199.6ms | Allocations: 4029)
  Rendered tickets/_nav.html.erb (Duration: 1.8ms | Allocations: 646)
  Rendered layout layouts/application.html.erb (Duration: 242.0ms | Allocations: 11035)
Completed 200 OK in 366ms (Views: 245.8ms | ActiveRecord: 14.8ms | Allocations: 24065)


Started GET "/" for ::1 at 2022-02-28 13:05:43 -0600
  [1m[36mActiveRecord::SchemaMigration Pluck (1.8ms)[0m  [1m[34mSELECT `schema_migrations`.`version` FROM `schema_migrations` ORDER BY `schema_migrations`.`version` ASC[0m
Processing by HomeController#index as HTML
  Rendering layout layouts/application.html.erb
  Rendering home/index.html.erb within layouts/application
  Rendered home/index.html.erb within layouts/application (Duration: 4810.6ms | Allocations: 47486)
  Rendered tickets/_nav.html.erb (Duration: 10.9ms | Allocations: 1155)
  Rendered layout layouts/application.html.erb (Duration: 4878.3ms | Allocations: 70112)
Completed 200 OK in 4986ms (Views: 4910.0ms | ActiveRecord: 0.0ms | Allocations: 75204)


Started GET "/images/hero-back-illustration.svg" for ::1 at 2022-02-28 13:05:49 -0600
Started GET "/images/hero-top-illustration.svg" for ::1 at 2022-02-28 13:05:49 -0600
Started GET "/images/cta-illustration.svg" for ::1 at 2022-02-28 13:05:49 -0600
  
ActionController::RoutingError (No route matches [GET] "/images/hero-top-illustration.svg"):
  
  
ActionController::RoutingError (No route matches [GET] "/images/hero-back-illustration.svg"):
  
  
ActionController::RoutingError (No route matches [GET] "/images/cta-illustration.svg"):
  
Started GET "/tickets/new" for ::1 at 2022-02-28 13:05:57 -0600
Processing by TicketsController#new as HTML
Completed 401 Unauthorized in 5ms (ActiveRecord: 0.0ms | Allocations: 3395)


Started GET "/users/sign_in" for ::1 at 2022-02-28 13:05:57 -0600
Processing by Devise::SessionsController#new as HTML
  Rendering layout layouts/application.html.erb
  Rendering devise/sessions/new.html.erb within layouts/application
  Rendered devise/shared/_links.html.erb (Duration: 4.4ms | Allocations: 1152)
  Rendered devise/sessions/new.html.erb within layouts/application (Duration: 15.9ms | Allocations: 3521)
  Rendered tickets/_nav.html.erb (Duration: 2.5ms | Allocations: 645)
  Rendered layout layouts/application.html.erb (Duration: 37.7ms | Allocations: 10510)
Completed 200 OK in 101ms (Views: 43.3ms | ActiveRecord: 5.8ms | Allocations: 23158)


Started GET "/users/sign_in" for ::1 at 2022-02-28 13:08:53 -0600
  [1m[36mActiveRecord::SchemaMigration Pluck (1.2ms)[0m  [1m[34mSELECT `schema_migrations`.`version` FROM `schema_migrations` ORDER BY `schema_migrations`.`version` ASC[0m
Processing by Devise::SessionsController#new as HTML
  Rendering layout layouts/application.html.erb
  Rendering devise/sessions/new.html.erb within layouts/application
  Rendered devise/shared/_links.html.erb (Duration: 6.8ms | Allocations: 1158)
  Rendered devise/sessions/new.html.erb within layouts/application (Duration: 18.4ms | Allocations: 6283)
  Rendered layout layouts/application.html.erb (Duration: 256.6ms | Allocations: 46989)
Completed 500 Internal Server Error in 341ms (ActiveRecord: 18.2ms | Allocations: 63683)


  
ActionView::Template::Error (Error: File to import not found or unreadable: font-awesome.
        on line 4:1 of app/assets/stylesheets/home.scss
>> @import "font-awesome";

   ^
):
  
app/assets/stylesheets/home.scss:4
Started GET "/users/sign_in" for ::1 at 2022-02-28 13:21:44 -0600
  [1m[36mActiveRecord::SchemaMigration Pluck (1.7ms)[0m  [1m[34mSELECT `schema_migrations`.`version` FROM `schema_migrations` ORDER BY `schema_migrations`.`version` ASC[0m
Processing by Devise::SessionsController#new as HTML
  Rendering layout layouts/application.html.erb
  Rendering devise/sessions/new.html.erb within layouts/application
  Rendered devise/shared/_links.html.erb (Duration: 2.0ms | Allocations: 1158)
  Rendered devise/sessions/new.html.erb within layouts/application (Duration: 15.7ms | Allocations: 6283)
  Rendered tickets/_nav.html.erb (Duration: 10.0ms | Allocations: 1185)
  Rendered layout layouts/application.html.erb (Duration: 15107.7ms | Allocations: 269960)
Completed 200 OK in 15181ms (Views: 15113.5ms | ActiveRecord: 9.1ms | Allocations: 286726)


Started GET "/users/sign_in" for ::1 at 2022-02-28 13:29:10 -0600
  [1m[36mActiveRecord::SchemaMigration Pluck (0.7ms)[0m  [1m[34mSELECT `schema_migrations`.`version` FROM `schema_migrations` ORDER BY `schema_migrations`.`version` ASC[0m
Processing by Devise::SessionsController#new as HTML
  Rendering layout layouts/application.html.erb
  Rendering devise/sessions/new.html.erb within layouts/application
  Rendered devise/shared/_links.html.erb (Duration: 13.1ms | Allocations: 1158)
  Rendered devise/sessions/new.html.erb within layouts/application (Duration: 58.0ms | Allocations: 6352)
  Rendered layout layouts/application.html.erb (Duration: 519.1ms | Allocations: 57271)
Completed 500 Internal Server Error in 686ms (ActiveRecord: 7.7ms | Allocations: 74008)


  
ActionView::Template::Error (couldn't find file 'sb-admin-2.min' with type 'application/javascript'
Checked in these paths: 
  /home/morazan/Desktop/deploy/supportTGU/app/assets/config
  /home/morazan/Desktop/deploy/supportTGU/app/assets/images
  /home/morazan/Desktop/deploy/supportTGU/app/assets/stylesheets
  /var/lib/gems/2.7.0/gems/font-awesome-rails-4.7.0.8/app/assets/fonts
  /var/lib/gems/2.7.0/gems/font-awesome-rails-4.7.0.8/app/assets/stylesheets
  /var/lib/gems/2.7.0/gems/jquery-rails-4.4.0/vendor/assets/javascripts
  /var/lib/gems/2.7.0/gems/stimulus-rails-1.0.4/app/assets/javascripts
  /var/lib/gems/2.7.0/gems/turbo-rails-1.0.1/app/assets/javascripts
  /var/lib/gems/2.7.0/gems/importmap-rails-1.0.3/app/assets/javascripts
  /var/lib/gems/2.7.0/gems/actiontext-7.0.2.2/app/assets/javascripts
  /var/lib/gems/2.7.0/gems/actiontext-7.0.2.2/app/assets/stylesheets
  /var/lib/gems/2.7.0/gems/actioncable-7.0.2.2/app/assets/javascripts
  /var/lib/gems/2.7.0/gems/activestorage-7.0.2.2/app/assets/javascripts
  /var/lib/gems/2.7.0/gems/actionview-7.0.2.2/lib/assets/compiled
  /var/lib/gems/2.7.0/gems/turbolinks-source-5.2.0/lib/assets/javascripts
  /home/morazan/Desktop/deploy/supportTGU/app/javascript
  /home/morazan/Desktop/deploy/supportTGU/vendor/javascript
  /var/lib/gems/2.7.0/gems/popper_js-2.9.3/assets/javascripts
  /var/lib/gems/2.7.0/gems/bootstrap-5.1.3/assets/stylesheets
  /var/lib/gems/2.7.0/gems/bootstrap-5.1.3/assets/javascripts):
  
app/javascript/packs/application.js:9
Started GET "/users/sign_in" for ::1 at 2022-02-28 13:31:47 -0600
  [1m[36mActiveRecord::SchemaMigration Pluck (1.1ms)[0m  [1m[34mSELECT `schema_migrations`.`version` FROM `schema_migrations` ORDER BY `schema_migrations`.`version` ASC[0m
Processing by Devise::SessionsController#new as HTML
  Rendering layout layouts/application.html.erb
  Rendering devise/sessions/new.html.erb within layouts/application
  Rendered devise/shared/_links.html.erb (Duration: 2.3ms | Allocations: 1158)
  Rendered devise/sessions/new.html.erb within layouts/application (Duration: 21.8ms | Allocations: 6352)
  Rendered tickets/_nav.html.erb (Duration: 2.4ms | Allocations: 1185)
  Rendered layout layouts/application.html.erb (Duration: 595.2ms | Allocations: 102679)
Completed 200 OK in 665ms (Views: 609.6ms | ActiveRecord: 4.9ms | Allocations: 119456)


Started GET "/" for ::1 at 2022-02-28 13:31:53 -0600
Processing by HomeController#index as HTML
  Rendering layout layouts/application.html.erb
  Rendering home/index.html.erb within layouts/application
  Rendered home/index.html.erb within layouts/application (Duration: 12.6ms | Allocations: 1984)
  Rendered tickets/_nav.html.erb (Duration: 2.2ms | Allocations: 615)
  Rendered layout layouts/application.html.erb (Duration: 36.1ms | Allocations: 9976)
Completed 200 OK in 45ms (Views: 43.6ms | ActiveRecord: 0.0ms | Allocations: 11053)


Started GET "/images/hero-back-illustration.svg" for ::1 at 2022-02-28 13:31:53 -0600
  
ActionController::RoutingError (No route matches [GET] "/images/hero-back-illustration.svg"):
  
Started GET "/images/cta-illustration.svg" for ::1 at 2022-02-28 13:31:53 -0600
Started GET "/images/hero-top-illustration.svg" for ::1 at 2022-02-28 13:31:53 -0600
  
ActionController::RoutingError (No route matches [GET] "/images/hero-top-illustration.svg"):
  
  
ActionController::RoutingError (No route matches [GET] "/images/cta-illustration.svg"):
  
Started GET "/tickets/new" for ::1 at 2022-02-28 13:32:01 -0600
Processing by TicketsController#new as HTML
Completed 401 Unauthorized in 2ms (ActiveRecord: 0.0ms | Allocations: 442)


Started GET "/users/sign_in" for ::1 at 2022-02-28 13:32:01 -0600
Processing by Devise::SessionsController#new as HTML
  Rendering layout layouts/application.html.erb
  Rendering devise/sessions/new.html.erb within layouts/application
  Rendered devise/shared/_links.html.erb (Duration: 1.0ms | Allocations: 222)
  Rendered devise/sessions/new.html.erb within layouts/application (Duration: 7.4ms | Allocations: 1130)
  Rendered tickets/_nav.html.erb (Duration: 2.6ms | Allocations: 649)
  Rendered layout layouts/application.html.erb (Duration: 56.5ms | Allocations: 9343)
Completed 200 OK in 66ms (Views: 62.8ms | ActiveRecord: 0.0ms | Allocations: 10103)


Started GET "/users/sign_in" for ::1 at 2022-02-28 13:32:04 -0600
Processing by Devise::SessionsController#new as HTML
  Rendering layout layouts/application.html.erb
  Rendering devise/sessions/new.html.erb within layouts/application
  Rendered devise/shared/_links.html.erb (Duration: 0.5ms | Allocations: 221)
  Rendered devise/sessions/new.html.erb within layouts/application (Duration: 4.5ms | Allocations: 1121)
  Rendered tickets/_nav.html.erb (Duration: 1.7ms | Allocations: 640)
  Rendered layout layouts/application.html.erb (Duration: 54.1ms | Allocations: 9270)
Completed 200 OK in 75ms (Views: 56.0ms | ActiveRecord: 0.0ms | Allocations: 10012)


Started GET "/users/sign_up" for ::1 at 2022-02-28 13:32:06 -0600
Processing by Devise::RegistrationsController#new as HTML
  Rendering layout layouts/application.html.erb
  Rendering devise/registrations/new.html.erb within layouts/application
  Rendered devise/shared/_error_messages.html.erb (Duration: 1.1ms | Allocations: 241)
  Rendered devise/shared/_links.html.erb (Duration: 0.8ms | Allocations: 303)
  Rendered devise/registrations/new.html.erb within layouts/application (Duration: 9.5ms | Allocations: 2152)
  Rendered tickets/_nav.html.erb (Duration: 1.7ms | Allocations: 645)
  Rendered layout layouts/application.html.erb (Duration: 25.0ms | Allocations: 10305)
Completed 200 OK in 28ms (Views: 26.8ms | ActiveRecord: 0.0ms | Allocations: 11565)


Started GET "/" for ::1 at 2022-02-28 13:32:08 -0600
Processing by HomeController#index as HTML
  Rendering layout layouts/application.html.erb
  Rendering home/index.html.erb within layouts/application
  Rendered home/index.html.erb within layouts/application (Duration: 3.1ms | Allocations: 1254)
  Rendered tickets/_nav.html.erb (Duration: 1.4ms | Allocations: 615)
  Rendered layout layouts/application.html.erb (Duration: 32.9ms | Allocations: 9231)
Completed 200 OK in 45ms (Views: 34.0ms | ActiveRecord: 0.0ms | Allocations: 9776)


Started GET "/images/hero-back-illustration.svg" for ::1 at 2022-02-28 13:32:09 -0600
  
ActionController::RoutingError (No route matches [GET] "/images/hero-back-illustration.svg"):
  
Started GET "/images/hero-top-illustration.svg" for ::1 at 2022-02-28 13:32:09 -0600
  
ActionController::RoutingError (No route matches [GET] "/images/hero-top-illustration.svg"):
  
Started GET "/images/cta-illustration.svg" for ::1 at 2022-02-28 13:32:09 -0600
  
ActionController::RoutingError (No route matches [GET] "/images/cta-illustration.svg"):
  
Started GET "/" for ::1 at 2022-03-04 09:42:01 -0600
  
ActiveRecord::ConnectionNotEstablished (connection to server on socket "/var/run/postgresql/.s.PGSQL.5432" failed: FATAL:  role "morazan" does not exist
):
  
activerecord (7.0.2.2) lib/active_record/connection_adapters/postgresql_adapter.rb:87:in `rescue in new_client'
activerecord (7.0.2.2) lib/active_record/connection_adapters/postgresql_adapter.rb:77:in `new_client'
activerecord (7.0.2.2) lib/active_record/connection_adapters/postgresql_adapter.rb:37:in `postgresql_connection'
activerecord (7.0.2.2) lib/active_record/connection_adapters/abstract/connection_pool.rb:656:in `public_send'
activerecord (7.0.2.2) lib/active_record/connection_adapters/abstract/connection_pool.rb:656:in `new_connection'
activerecord (7.0.2.2) lib/active_record/connection_adapters/abstract/connection_pool.rb:700:in `checkout_new_connection'
activerecord (7.0.2.2) lib/active_record/connection_adapters/abstract/connection_pool.rb:679:in `try_to_checkout_new_connection'
activerecord (7.0.2.2) lib/active_record/connection_adapters/abstract/connection_pool.rb:640:in `acquire_connection'
activerecord (7.0.2.2) lib/active_record/connection_adapters/abstract/connection_pool.rb:341:in `checkout'
activerecord (7.0.2.2) lib/active_record/connection_adapters/abstract/connection_pool.rb:181:in `connection'
activerecord (7.0.2.2) lib/active_record/connection_adapters/abstract/connection_handler.rb:211:in `retrieve_connection'
activerecord (7.0.2.2) lib/active_record/connection_handling.rb:313:in `retrieve_connection'
activerecord (7.0.2.2) lib/active_record/connection_handling.rb:280:in `connection'
activerecord (7.0.2.2) lib/active_record/migration.rb:613:in `connection'
activerecord (7.0.2.2) lib/active_record/migration.rb:608:in `build_watcher'
activerecord (7.0.2.2) lib/active_record/migration.rb:590:in `block in call'
activerecord (7.0.2.2) lib/active_record/migration.rb:589:in `synchronize'
activerecord (7.0.2.2) lib/active_record/migration.rb:589:in `call'
actionpack (7.0.2.2) lib/action_dispatch/middleware/callbacks.rb:27:in `block in call'
activesupport (7.0.2.2) lib/active_support/callbacks.rb:99:in `run_callbacks'
actionpack (7.0.2.2) lib/action_dispatch/middleware/callbacks.rb:26:in `call'
actionpack (7.0.2.2) lib/action_dispatch/middleware/executor.rb:14:in `call'
actionpack (7.0.2.2) lib/action_dispatch/middleware/actionable_exceptions.rb:17:in `call'
actionpack (7.0.2.2) lib/action_dispatch/middleware/debug_exceptions.rb:28:in `call'
web-console (4.2.0) lib/web_console/middleware.rb:132:in `call_app'
web-console (4.2.0) lib/web_console/middleware.rb:28:in `block in call'
web-console (4.2.0) lib/web_console/middleware.rb:17:in `catch'
web-console (4.2.0) lib/web_console/middleware.rb:17:in `call'
actionpack (7.0.2.2) lib/action_dispatch/middleware/show_exceptions.rb:26:in `call'
railties (7.0.2.2) lib/rails/rack/logger.rb:36:in `call_app'
railties (7.0.2.2) lib/rails/rack/logger.rb:25:in `block in call'
activesupport (7.0.2.2) lib/active_support/tagged_logging.rb:99:in `block in tagged'
activesupport (7.0.2.2) lib/active_support/tagged_logging.rb:37:in `tagged'
activesupport (7.0.2.2) lib/active_support/tagged_logging.rb:99:in `tagged'
railties (7.0.2.2) lib/rails/rack/logger.rb:25:in `call'
sprockets-rails (3.4.2) lib/sprockets/rails/quiet_assets.rb:13:in `call'
actionpack (7.0.2.2) lib/action_dispatch/middleware/remote_ip.rb:93:in `call'
actionpack (7.0.2.2) lib/action_dispatch/middleware/request_id.rb:26:in `call'
rack (2.2.3) lib/rack/method_override.rb:24:in `call'
rack (2.2.3) lib/rack/runtime.rb:22:in `call'
activesupport (7.0.2.2) lib/active_support/cache/strategy/local_cache_middleware.rb:29:in `call'
actionpack (7.0.2.2) lib/action_dispatch/middleware/server_timing.rb:20:in `call'
actionpack (7.0.2.2) lib/action_dispatch/middleware/executor.rb:14:in `call'
actionpack (7.0.2.2) lib/action_dispatch/middleware/static.rb:23:in `call'
rack (2.2.3) lib/rack/sendfile.rb:110:in `call'
actionpack (7.0.2.2) lib/action_dispatch/middleware/host_authorization.rb:137:in `call'
railties (7.0.2.2) lib/rails/engine.rb:530:in `call'
puma (5.6.2) lib/puma/configuration.rb:252:in `call'
puma (5.6.2) lib/puma/request.rb:77:in `block in handle_request'
puma (5.6.2) lib/puma/thread_pool.rb:340:in `with_force_shutdown'
puma (5.6.2) lib/puma/request.rb:76:in `handle_request'
puma (5.6.2) lib/puma/server.rb:441:in `process_client'
puma (5.6.2) lib/puma/thread_pool.rb:147:in `block in spawn_thread'
Started GET "/" for ::1 at 2022-03-04 09:43:31 -0600
  
ActiveRecord::ConnectionNotEstablished (connection to server on socket "/var/run/postgresql/.s.PGSQL.5432" failed: FATAL:  role "morazan" does not exist
):
  
activerecord (7.0.2.2) lib/active_record/connection_adapters/postgresql_adapter.rb:87:in `rescue in new_client'
activerecord (7.0.2.2) lib/active_record/connection_adapters/postgresql_adapter.rb:77:in `new_client'
activerecord (7.0.2.2) lib/active_record/connection_adapters/postgresql_adapter.rb:37:in `postgresql_connection'
activerecord (7.0.2.2) lib/active_record/connection_adapters/abstract/connection_pool.rb:656:in `public_send'
activerecord (7.0.2.2) lib/active_record/connection_adapters/abstract/connection_pool.rb:656:in `new_connection'
activerecord (7.0.2.2) lib/active_record/connection_adapters/abstract/connection_pool.rb:700:in `checkout_new_connection'
activerecord (7.0.2.2) lib/active_record/connection_adapters/abstract/connection_pool.rb:679:in `try_to_checkout_new_connection'
activerecord (7.0.2.2) lib/active_record/connection_adapters/abstract/connection_pool.rb:640:in `acquire_connection'
activerecord (7.0.2.2) lib/active_record/connection_adapters/abstract/connection_pool.rb:341:in `checkout'
activerecord (7.0.2.2) lib/active_record/connection_adapters/abstract/connection_pool.rb:181:in `connection'
activerecord (7.0.2.2) lib/active_record/connection_adapters/abstract/connection_handler.rb:211:in `retrieve_connection'
activerecord (7.0.2.2) lib/active_record/connection_handling.rb:313:in `retrieve_connection'
activerecord (7.0.2.2) lib/active_record/connection_handling.rb:280:in `connection'
activerecord (7.0.2.2) lib/active_record/migration.rb:613:in `connection'
activerecord (7.0.2.2) lib/active_record/migration.rb:608:in `build_watcher'
activerecord (7.0.2.2) lib/active_record/migration.rb:590:in `block in call'
activerecord (7.0.2.2) lib/active_record/migration.rb:589:in `synchronize'
activerecord (7.0.2.2) lib/active_record/migration.rb:589:in `call'
actionpack (7.0.2.2) lib/action_dispatch/middleware/callbacks.rb:27:in `block in call'
activesupport (7.0.2.2) lib/active_support/callbacks.rb:99:in `run_callbacks'
actionpack (7.0.2.2) lib/action_dispatch/middleware/callbacks.rb:26:in `call'
actionpack (7.0.2.2) lib/action_dispatch/middleware/executor.rb:14:in `call'
actionpack (7.0.2.2) lib/action_dispatch/middleware/actionable_exceptions.rb:17:in `call'
actionpack (7.0.2.2) lib/action_dispatch/middleware/debug_exceptions.rb:28:in `call'
web-console (4.2.0) lib/web_console/middleware.rb:132:in `call_app'
web-console (4.2.0) lib/web_console/middleware.rb:28:in `block in call'
web-console (4.2.0) lib/web_console/middleware.rb:17:in `catch'
web-console (4.2.0) lib/web_console/middleware.rb:17:in `call'
actionpack (7.0.2.2) lib/action_dispatch/middleware/show_exceptions.rb:26:in `call'
railties (7.0.2.2) lib/rails/rack/logger.rb:36:in `call_app'
railties (7.0.2.2) lib/rails/rack/logger.rb:25:in `block in call'
activesupport (7.0.2.2) lib/active_support/tagged_logging.rb:99:in `block in tagged'
activesupport (7.0.2.2) lib/active_support/tagged_logging.rb:37:in `tagged'
activesupport (7.0.2.2) lib/active_support/tagged_logging.rb:99:in `tagged'
railties (7.0.2.2) lib/rails/rack/logger.rb:25:in `call'
sprockets-rails (3.4.2) lib/sprockets/rails/quiet_assets.rb:13:in `call'
actionpack (7.0.2.2) lib/action_dispatch/middleware/remote_ip.rb:93:in `call'
actionpack (7.0.2.2) lib/action_dispatch/middleware/request_id.rb:26:in `call'
rack (2.2.3) lib/rack/method_override.rb:24:in `call'
rack (2.2.3) lib/rack/runtime.rb:22:in `call'
activesupport (7.0.2.2) lib/active_support/cache/strategy/local_cache_middleware.rb:29:in `call'
actionpack (7.0.2.2) lib/action_dispatch/middleware/server_timing.rb:20:in `call'
actionpack (7.0.2.2) lib/action_dispatch/middleware/executor.rb:14:in `call'
actionpack (7.0.2.2) lib/action_dispatch/middleware/static.rb:23:in `call'
rack (2.2.3) lib/rack/sendfile.rb:110:in `call'
actionpack (7.0.2.2) lib/action_dispatch/middleware/host_authorization.rb:137:in `call'
railties (7.0.2.2) lib/rails/engine.rb:530:in `call'
puma (5.6.2) lib/puma/configuration.rb:252:in `call'
puma (5.6.2) lib/puma/request.rb:77:in `block in handle_request'
puma (5.6.2) lib/puma/thread_pool.rb:340:in `with_force_shutdown'
puma (5.6.2) lib/puma/request.rb:76:in `handle_request'
puma (5.6.2) lib/puma/server.rb:441:in `process_client'
puma (5.6.2) lib/puma/thread_pool.rb:147:in `block in spawn_thread'
Started GET "/" for ::1 at 2022-03-04 09:43:44 -0600
  [1m[36mActiveRecord::SchemaMigration Pluck (13.5ms)[0m  [1m[34mSELECT `schema_migrations`.`version` FROM `schema_migrations` ORDER BY `schema_migrations`.`version` ASC[0m
Processing by HomeController#index as HTML
  Rendering layout layouts/application.html.erb
  Rendering home/index.html.erb within layouts/application
  Rendered home/index.html.erb within layouts/application (Duration: 8590.3ms | Allocations: 66222)
  Rendered tickets/_nav.html.erb (Duration: 5.8ms | Allocations: 1158)
  Rendered layout layouts/application.html.erb (Duration: 8639.1ms | Allocations: 93225)
Completed 200 OK in 8679ms (Views: 8643.8ms | ActiveRecord: 0.0ms | Allocations: 98364)


Started GET "/images/hero-back-illustration.svg" for ::1 at 2022-03-04 09:43:56 -0600
  
ActionController::RoutingError (No route matches [GET] "/images/hero-back-illustration.svg"):
  
Started GET "/images/cta-illustration.svg" for ::1 at 2022-03-04 09:43:56 -0600
  
ActionController::RoutingError (No route matches [GET] "/images/cta-illustration.svg"):
  
Started GET "/images/hero-top-illustration.svg" for ::1 at 2022-03-04 09:43:56 -0600
  
ActionController::RoutingError (No route matches [GET] "/images/hero-top-illustration.svg"):
  
Started GET "/" for ::1 at 2022-03-04 09:44:38 -0600
Processing by HomeController#index as HTML
  Rendering layout layouts/application.html.erb
  Rendering home/index.html.erb within layouts/application
  Rendered home/index.html.erb within layouts/application (Duration: 14.3ms | Allocations: 1967)
  Rendered tickets/_nav.html.erb (Duration: 9.5ms | Allocations: 1115)
  Rendered layout layouts/application.html.erb (Duration: 84.6ms | Allocations: 11353)
Completed 200 OK in 101ms (Views: 99.0ms | ActiveRecord: 0.0ms | Allocations: 12542)


Started GET "/images/hero-back-illustration.svg" for ::1 at 2022-03-04 09:44:39 -0600
  
ActionController::RoutingError (No route matches [GET] "/images/hero-back-illustration.svg"):
  
Started GET "/images/hero-top-illustration.svg" for ::1 at 2022-03-04 09:44:39 -0600
  
ActionController::RoutingError (No route matches [GET] "/images/hero-top-illustration.svg"):
  
Started GET "/images/cta-illustration.svg" for ::1 at 2022-03-04 09:44:39 -0600
  
ActionController::RoutingError (No route matches [GET] "/images/cta-illustration.svg"):
  
Started GET "/" for ::1 at 2022-03-04 09:47:02 -0600
Processing by HomeController#index as HTML
  Rendering layout layouts/application.html.erb
  Rendering home/index.html.erb within layouts/application
  Rendered home/index.html.erb within layouts/application (Duration: 5.6ms | Allocations: 1968)
  Rendered tickets/_nav.html.erb (Duration: 48.6ms | Allocations: 1116)
  Rendered layout layouts/application.html.erb (Duration: 73.8ms | Allocations: 11381)
Completed 200 OK in 81ms (Views: 77.6ms | ActiveRecord: 0.0ms | Allocations: 12593)


Started GET "/images/hero-back-illustration.svg" for ::1 at 2022-03-04 09:47:03 -0600
  
ActionController::RoutingError (No route matches [GET] "/images/hero-back-illustration.svg"):
  
Started GET "/images/hero-top-illustration.svg" for ::1 at 2022-03-04 09:47:03 -0600
  
ActionController::RoutingError (No route matches [GET] "/images/hero-top-illustration.svg"):
  
Started GET "/images/cta-illustration.svg" for ::1 at 2022-03-04 09:47:03 -0600
  
ActionController::RoutingError (No route matches [GET] "/images/cta-illustration.svg"):
  
Started GET "/" for ::1 at 2022-03-04 09:47:41 -0600
Processing by HomeController#index as HTML
  Rendering layout layouts/application.html.erb
  Rendering home/index.html.erb within layouts/application
  Rendered home/index.html.erb within layouts/application (Duration: 17.6ms | Allocations: 1988)
  Rendered tickets/_nav.html.erb (Duration: 13.8ms | Allocations: 1115)
  Rendered layout layouts/application.html.erb (Duration: 49.7ms | Allocations: 11399)
Completed 200 OK in 54ms (Views: 52.8ms | ActiveRecord: 0.0ms | Allocations: 12597)


Started GET "/images/hero-back-illustration.svg" for ::1 at 2022-03-04 09:47:42 -0600
Started GET "/images/hero-top-illustration.svg" for ::1 at 2022-03-04 09:47:42 -0600
  
ActionController::RoutingError (No route matches [GET] "/images/hero-top-illustration.svg"):
  
  
ActionController::RoutingError (No route matches [GET] "/images/hero-back-illustration.svg"):
  
Started GET "/images/cta-illustration.svg" for ::1 at 2022-03-04 09:47:42 -0600
  
ActionController::RoutingError (No route matches [GET] "/images/cta-illustration.svg"):
  
Started GET "/" for ::1 at 2022-03-04 09:50:41 -0600
Processing by HomeController#index as HTML
  Rendering layout layouts/application.html.erb
  Rendering home/index.html.erb within layouts/application
  Rendered home/index.html.erb within layouts/application (Duration: 2.9ms | Allocations: 1252)
  Rendered tickets/_nav.html.erb (Duration: 2.2ms | Allocations: 612)
  Rendered layout layouts/application.html.erb (Duration: 13235.1ms | Allocations: 31072)
Completed 200 OK in 13237ms (Views: 13236.1ms | Allocations: 31595)


Started GET "/images/cta-illustration.svg" for ::1 at 2022-03-04 09:51:00 -0600
Started GET "/images/hero-top-illustration.svg" for ::1 at 2022-03-04 09:51:00 -0600
Started GET "/images/hero-back-illustration.svg" for ::1 at 2022-03-04 09:51:00 -0600
  
ActionController::RoutingError (No route matches [GET] "/images/hero-back-illustration.svg"):
  
  
ActionController::RoutingError (No route matches [GET] "/images/cta-illustration.svg"):
  
  
ActionController::RoutingError (No route matches [GET] "/images/hero-top-illustration.svg"):
  
Started GET "/" for ::1 at 2022-03-04 09:54:27 -0600
Processing by HomeController#index as HTML
  Rendering layout layouts/application.html.erb
  Rendering home/index.html.erb within layouts/application
  Rendered home/index.html.erb within layouts/application (Duration: 6.6ms | Allocations: 1987)
  Rendered tickets/_nav.html.erb (Duration: 7.7ms | Allocations: 1115)
  Rendered layout layouts/application.html.erb (Duration: 34.1ms | Allocations: 11402)
Completed 200 OK in 38ms (Views: 36.4ms | Allocations: 12596)


Started GET "/images/hero-back-illustration.svg" for ::1 at 2022-03-04 09:54:28 -0600
  
ActionController::RoutingError (No route matches [GET] "/images/hero-back-illustration.svg"):
  
Started GET "/images/hero-top-illustration.svg" for ::1 at 2022-03-04 09:54:28 -0600
  
ActionController::RoutingError (No route matches [GET] "/images/hero-top-illustration.svg"):
  
Started GET "/images/cta-illustration.svg" for ::1 at 2022-03-04 09:54:28 -0600
  
ActionController::RoutingError (No route matches [GET] "/images/cta-illustration.svg"):
  
Started GET "/images/hero-back-illustration.svg" for ::1 at 2022-03-04 09:54:37 -0600
  
ActionController::RoutingError (No route matches [GET] "/images/hero-back-illustration.svg"):
  
Started GET "/users/sign_in" for ::1 at 2022-03-04 09:55:57 -0600
Processing by Devise::SessionsController#new as HTML
  Rendering layout layouts/application.html.erb
  Rendering devise/sessions/new.html.erb within layouts/application
  Rendered devise/shared/_links.html.erb (Duration: 82.6ms | Allocations: 1152)
  Rendered devise/sessions/new.html.erb within layouts/application (Duration: 396.7ms | Allocations: 6366)
  Rendered tickets/_nav.html.erb (Duration: 6.5ms | Allocations: 649)
  Rendered layout layouts/application.html.erb (Duration: 418.2ms | Allocations: 14569)
Completed 200 OK in 492ms (Views: 422.2ms | ActiveRecord: 21.8ms | Allocations: 27390)


Started POST "/users/sign_in" for ::1 at 2022-03-04 09:59:36 -0600
Processing by Devise::SessionsController#create as HTML
  Parameters: {"authenticity_token"=>"[FILTERED]", "user"=>{"email"=>"labitcoinerasuppor@gmail.com", "password"=>"[FILTERED]", "remember_me"=>"0"}, "commit"=>"Log in"}
  [1m[36mUser Load (11.3ms)[0m  [1m[34mSELECT `users`.* FROM `users` WHERE `users`.`email` = 'labitcoinerasuppor@gmail.com' ORDER BY `users`.`id` ASC LIMIT 1[0m
  [1m[36mTRANSACTION (56.4ms)[0m  [1m[35mBEGIN[0m
  [1m[36mUser Update (2.0ms)[0m  [1m[33mUPDATE `users` SET `users`.`sign_in_count` = 2, `users`.`current_sign_in_at` = '2022-03-04 15:59:37.558669', `users`.`updated_at` = '2022-03-04 15:59:37.559016' WHERE `users`.`id` = 1[0m
  [1m[36mTRANSACTION (126.1ms)[0m  [1m[35mCOMMIT[0m
Redirected to http://localhost:3000/tickets/new
Completed 302 Found in 1496ms (ActiveRecord: 195.8ms | Allocations: 10160)


Started GET "/tickets/new" for ::1 at 2022-03-04 09:59:37 -0600
Processing by TicketsController#new as HTML
  [1m[36mUser Load (1.4ms)[0m  [1m[34mSELECT `users`.* FROM `users` WHERE `users`.`id` = 1 ORDER BY `users`.`id` ASC LIMIT 1[0m
  Rendering layout layouts/application.html.erb
  Rendering tickets/new.html.erb within layouts/application
  Rendered tickets/new.html.erb within layouts/application (Duration: 83.2ms | Allocations: 3871)
  [1m[36mRole Load (176.1ms)[0m  [1m[34mSELECT `roles`.* FROM `roles` INNER JOIN `users_roles` ON `roles`.`id` = `users_roles`.`role_id` WHERE `users_roles`.`user_id` = 1 AND (((roles.name = 'admin') AND (roles.resource_type IS NULL) AND (roles.resource_id IS NULL)))[0m
  ↳ app/views/tickets/_nav.html.erb:21
  Rendered tickets/_nav.html.erb (Duration: 641.6ms | Allocations: 19842)
  Rendered layout layouts/application.html.erb (Duration: 744.6ms | Allocations: 32158)
Completed 200 OK in 895ms (Views: 566.9ms | ActiveRecord: 191.7ms | Allocations: 47965)


Started GET "/tickets/stickers/admin!" for ::1 at 2022-03-04 10:00:14 -0600
  
ActionController::RoutingError (No route matches [GET] "/tickets/stickers/admin!"):
  
Started GET "/tickets/admin!" for ::1 at 2022-03-04 10:00:35 -0600
Processing by TicketsController#admin as HTML
  [1m[36mUser Load (4.9ms)[0m  [1m[34mSELECT `users`.* FROM `users` WHERE `users`.`id` = 1 ORDER BY `users`.`id` ASC LIMIT 1[0m
  Rendering layout layouts/application.html.erb
  Rendering tickets/admin.html.erb within layouts/application
  [1m[36mTicket Load (19.1ms)[0m  [1m[34mSELECT `tickets`.* FROM `tickets`[0m
  ↳ app/views/tickets/_sidebar.html.erb:121
  [1m[36mUser Pluck (15.7ms)[0m  [1m[34mSELECT DISTINCT `users`.`email` FROM `users` INNER JOIN `users_roles` ON `users`.`id` = `users_roles`.`user_id` INNER JOIN `roles` ON `users_roles`.`role_id` = `roles`.`id` WHERE `roles`.`resource_id` = 1 AND `roles`.`resource_type` = 'Ticket' AND `roles`.`name` = 'creator'[0m
  ↳ app/views/tickets/_ticket.html.erb:32
  [1m[36mUser Pluck (1.6ms)[0m  [1m[34mSELECT DISTINCT `users`.`email` FROM `users` INNER JOIN `users_roles` ON `users`.`id` = `users_roles`.`user_id` INNER JOIN `roles` ON `users_roles`.`role_id` = `roles`.`id` WHERE `roles`.`resource_id` = 1 AND `roles`.`resource_type` = 'Ticket' AND `roles`.`name` = 'editor'[0m
  ↳ app/views/tickets/_ticket.html.erb:33
  Rendered collection of tickets/_ticket.html.erb [1 times] (Duration: 42.0ms | Allocations: 6656)
  Rendered tickets/_sidebar.html.erb (Duration: 70.1ms | Allocations: 7942)
  Rendered tickets/admin.html.erb within layouts/application (Duration: 74.2ms | Allocations: 8190)
  [1m[36mRole Load (11.7ms)[0m  [1m[34mSELECT `roles`.* FROM `roles` INNER JOIN `users_roles` ON `roles`.`id` = `users_roles`.`role_id` WHERE `users_roles`.`user_id` = 1 AND (((roles.name = 'admin') AND (roles.resource_type IS NULL) AND (roles.resource_id IS NULL)))[0m
  ↳ app/views/tickets/_nav.html.erb:21
  Rendered tickets/_nav.html.erb (Duration: 21.1ms | Allocations: 1604)
  Rendered layout layouts/application.html.erb (Duration: 130.5ms | Allocations: 17354)
Completed 200 OK in 641ms (Views: 85.2ms | ActiveRecord: 53.1ms | Allocations: 19006)


Started GET "/" for ::1 at 2022-03-04 10:00:42 -0600
Processing by HomeController#index as HTML
  Rendering layout layouts/application.html.erb
  Rendering home/index.html.erb within layouts/application
  Rendered home/index.html.erb within layouts/application (Duration: 8.7ms | Allocations: 1984)
  [1m[36mUser Load (0.5ms)[0m  [1m[34mSELECT `users`.* FROM `users` WHERE `users`.`id` = 1 ORDER BY `users`.`id` ASC LIMIT 1[0m
  ↳ app/views/tickets/_nav.html.erb:21
  [1m[36mRole Load (0.6ms)[0m  [1m[34mSELECT `roles`.* FROM `roles` INNER JOIN `users_roles` ON `roles`.`id` = `users_roles`.`role_id` WHERE `users_roles`.`user_id` = 1 AND (((roles.name = 'admin') AND (roles.resource_type IS NULL) AND (roles.resource_id IS NULL)))[0m
  ↳ app/views/tickets/_nav.html.erb:21
  Rendered tickets/_nav.html.erb (Duration: 19.5ms | Allocations: 2324)
  Rendered layout layouts/application.html.erb (Duration: 50.5ms | Allocations: 11672)
Completed 200 OK in 56ms (Views: 51.6ms | ActiveRecord: 1.1ms | Allocations: 12702)


Started GET "/images/hero-back-illustration.svg" for ::1 at 2022-03-04 10:00:43 -0600
  
ActionController::RoutingError (No route matches [GET] "/images/hero-back-illustration.svg"):
  
Started GET "/images/hero-top-illustration.svg" for ::1 at 2022-03-04 10:00:43 -0600
  
ActionController::RoutingError (No route matches [GET] "/images/hero-top-illustration.svg"):
  
Started GET "/images/cta-illustration.svg" for ::1 at 2022-03-04 10:00:43 -0600
  
ActionController::RoutingError (No route matches [GET] "/images/cta-illustration.svg"):
  
Started POST "/verify" for ::1 at 2022-03-04 10:00:50 -0600
Processing by TicketsController#verify as HTML
  Parameters: {"authenticity_token"=>"[FILTERED]", "id"=>"1", "email"=>"user1@gmail.com", "commit"=>"Buscar"}
  [1m[36mUser Load (3.0ms)[0m  [1m[34mSELECT `users`.* FROM `users` WHERE `users`.`id` = 1 ORDER BY `users`.`id` ASC LIMIT 1[0m
  [1m[36mTicket Load (11.3ms)[0m  [1m[34mSELECT `tickets`.* FROM `tickets` WHERE `tickets`.`id` = 1 LIMIT 1[0m
  ↳ app/controllers/tickets_controller.rb:50:in `verify'
  Rendering layout layouts/application.html.erb
  Rendering tickets/verify.html.erb within layouts/application
  [1m[36mUser Pluck (1.2ms)[0m  [1m[34mSELECT DISTINCT `users`.`email` FROM `users` INNER JOIN `users_roles` ON `users`.`id` = `users_roles`.`user_id` INNER JOIN `roles` ON `users_roles`.`role_id` = `roles`.`id` WHERE `roles`.`resource_id` = 1 AND `roles`.`resource_type` = 'Ticket' AND `roles`.`name` = 'editor'[0m
  ↳ app/views/tickets/verify.html.erb:42
  Rendered tickets/verify.html.erb within layouts/application (Duration: 13.6ms | Allocations: 3136)
  [1m[36mRole Load (7.3ms)[0m  [1m[34mSELECT `roles`.* FROM `roles` INNER JOIN `users_roles` ON `roles`.`id` = `users_roles`.`role_id` WHERE `users_roles`.`user_id` = 1 AND (((roles.name = 'admin') AND (roles.resource_type IS NULL) AND (roles.resource_id IS NULL)))[0m
  ↳ app/views/tickets/_nav.html.erb:21
  Rendered tickets/_nav.html.erb (Duration: 12.5ms | Allocations: 1605)
  Rendered layout layouts/application.html.erb (Duration: 44.4ms | Allocations: 12297)
Completed 200 OK in 80ms (Views: 37.2ms | ActiveRecord: 22.8ms | Allocations: 15018)


  [1m[36mUser Load (1.5ms)[0m  [1m[34mSELECT `users`.* FROM `users` ORDER BY `users`.`id` ASC LIMIT 1[0m
  [1m[36mRole Load (1.1ms)[0m  [1m[34mSELECT `roles`.* FROM `roles` WHERE `roles`.`name` = 'admin' AND `roles`.`resource_type` IS NULL AND `roles`.`resource_id` IS NULL ORDER BY `roles`.`id` ASC LIMIT 1[0m
  [1m[36mTRANSACTION (0.3ms)[0m  [1m[35mBEGIN[0m
  [1m[36mRole Create (0.5ms)[0m  [1m[32mINSERT INTO `roles` (`name`, `resource_type`, `resource_id`, `created_at`, `updated_at`) VALUES ('admin', NULL, NULL, '2022-03-04 16:02:31.301264', '2022-03-04 16:02:31.301264')[0m
  [1m[36mTRANSACTION (136.9ms)[0m  [1m[35mCOMMIT[0m
  [1m[36mRole Exists? (16.7ms)[0m  [1m[34mSELECT 1 AS one FROM `roles` INNER JOIN `users_roles` ON `roles`.`id` = `users_roles`.`role_id` WHERE `users_roles`.`user_id` = 1 AND `roles`.`id` = 3 LIMIT 1[0m
  [1m[36mRole Exists? (4.0ms)[0m  [1m[34mSELECT 1 AS one FROM `roles` INNER JOIN `users_roles` ON `roles`.`id` = `users_roles`.`role_id` WHERE `users_roles`.`user_id` = 1 AND `roles`.`id` = 3 LIMIT 1[0m
  [1m[36mTRANSACTION (0.6ms)[0m  [1m[35mBEGIN[0m
  [1m[36mUser::HABTM_Roles Create (1.2ms)[0m  [1m[32mINSERT INTO `users_roles` (`user_id`, `role_id`) VALUES (1, 3)[0m
  [1m[36mTRANSACTION (480.2ms)[0m  [1m[35mCOMMIT[0m
Started POST "/verify" for ::1 at 2022-03-04 10:02:37 -0600
Processing by TicketsController#verify as HTML
  Parameters: {"authenticity_token"=>"[FILTERED]", "id"=>"1", "email"=>"user1@gmail.com", "commit"=>"Buscar"}
  [1m[36mUser Load (1.1ms)[0m  [1m[34mSELECT `users`.* FROM `users` WHERE `users`.`id` = 1 ORDER BY `users`.`id` ASC LIMIT 1[0m
  [1m[36mTicket Load (0.5ms)[0m  [1m[34mSELECT `tickets`.* FROM `tickets` WHERE `tickets`.`id` = 1 LIMIT 1[0m
  ↳ app/controllers/tickets_controller.rb:50:in `verify'
  Rendering layout layouts/application.html.erb
  Rendering tickets/verify.html.erb within layouts/application
  [1m[36mUser Pluck (3.3ms)[0m  [1m[34mSELECT DISTINCT `users`.`email` FROM `users` INNER JOIN `users_roles` ON `users`.`id` = `users_roles`.`user_id` INNER JOIN `roles` ON `users_roles`.`role_id` = `roles`.`id` WHERE `roles`.`resource_id` = 1 AND `roles`.`resource_type` = 'Ticket' AND `roles`.`name` = 'editor'[0m
  ↳ app/views/tickets/verify.html.erb:42
  Rendered tickets/verify.html.erb within layouts/application (Duration: 7.3ms | Allocations: 1421)
  [1m[36mRole Load (24.2ms)[0m  [1m[34mSELECT `roles`.* FROM `roles` INNER JOIN `users_roles` ON `roles`.`id` = `users_roles`.`role_id` WHERE `users_roles`.`user_id` = 1 AND (((roles.name = 'admin') AND (roles.resource_type IS NULL) AND (roles.resource_id IS NULL)))[0m
  ↳ app/views/tickets/_nav.html.erb:21
  Rendered tickets/_nav.html.erb (Duration: 31.8ms | Allocations: 4519)
  Rendered layout layouts/application.html.erb (Duration: 53.7ms | Allocations: 13426)
Completed 200 OK in 63ms (Views: 27.3ms | ActiveRecord: 29.0ms | Allocations: 15532)


Started GET "/tickets/admin!" for ::1 at 2022-03-04 10:02:41 -0600
Processing by TicketsController#admin as HTML
  [1m[36mUser Load (2.2ms)[0m  [1m[34mSELECT `users`.* FROM `users` WHERE `users`.`id` = 1 ORDER BY `users`.`id` ASC LIMIT 1[0m
  Rendering layout layouts/application.html.erb
  Rendering tickets/admin.html.erb within layouts/application
  [1m[36mTicket Load (46.5ms)[0m  [1m[34mSELECT `tickets`.* FROM `tickets`[0m
  ↳ app/views/tickets/_sidebar.html.erb:121
  [1m[36mUser Pluck (1.5ms)[0m  [1m[34mSELECT DISTINCT `users`.`email` FROM `users` INNER JOIN `users_roles` ON `users`.`id` = `users_roles`.`user_id` INNER JOIN `roles` ON `users_roles`.`role_id` = `roles`.`id` WHERE `roles`.`resource_id` = 1 AND `roles`.`resource_type` = 'Ticket' AND `roles`.`name` = 'creator'[0m
  ↳ app/views/tickets/_ticket.html.erb:32
  [1m[36mUser Pluck (6.4ms)[0m  [1m[34mSELECT DISTINCT `users`.`email` FROM `users` INNER JOIN `users_roles` ON `users`.`id` = `users_roles`.`user_id` INNER JOIN `roles` ON `users_roles`.`role_id` = `roles`.`id` WHERE `roles`.`resource_id` = 1 AND `roles`.`resource_type` = 'Ticket' AND `roles`.`name` = 'editor'[0m
  ↳ app/views/tickets/_ticket.html.erb:33
  Rendered collection of tickets/_ticket.html.erb [1 times] (Duration: 16.7ms | Allocations: 2601)
  Rendered tickets/_sidebar.html.erb (Duration: 65.5ms | Allocations: 3328)
  Rendered tickets/admin.html.erb within layouts/application (Duration: 65.9ms | Allocations: 3403)
  [1m[36mRole Load (17.6ms)[0m  [1m[34mSELECT `roles`.* FROM `roles` INNER JOIN `users_roles` ON `roles`.`id` = `users_roles`.`role_id` WHERE `users_roles`.`user_id` = 1 AND (((roles.name = 'admin') AND (roles.resource_type IS NULL) AND (roles.resource_id IS NULL)))[0m
  ↳ app/views/tickets/_nav.html.erb:21
  Rendered tickets/_nav.html.erb (Duration: 22.4ms | Allocations: 1645)
  Rendered layout layouts/application.html.erb (Duration: 100.8ms | Allocations: 12538)
Completed 200 OK in 111ms (Views: 30.1ms | ActiveRecord: 74.2ms | Allocations: 14123)


Started GET "/tickets/1/edit" for ::1 at 2022-03-04 10:02:45 -0600
Processing by TicketsController#edit as HTML
  Parameters: {"id"=>"1"}
  [1m[36mTicket Load (1.4ms)[0m  [1m[34mSELECT `tickets`.* FROM `tickets` WHERE `tickets`.`id` = 1 LIMIT 1[0m
  ↳ app/controllers/tickets_controller.rb:98:in `find_ticket'
  [1m[36mUser Load (2.5ms)[0m  [1m[34mSELECT `users`.* FROM `users` WHERE `users`.`id` = 1 ORDER BY `users`.`id` ASC LIMIT 1[0m
  Rendering layout layouts/application.html.erb
  Rendering tickets/edit.html.erb within layouts/application
  Rendered tickets/edit.html.erb within layouts/application (Duration: 82.8ms | Allocations: 3559)
  [1m[36mRole Load (3.8ms)[0m  [1m[34mSELECT `roles`.* FROM `roles` INNER JOIN `users_roles` ON `roles`.`id` = `users_roles`.`role_id` WHERE `users_roles`.`user_id` = 1 AND (((roles.name = 'admin') AND (roles.resource_type IS NULL) AND (roles.resource_id IS NULL)))[0m
  ↳ app/views/tickets/_nav.html.erb:21
  Rendered tickets/_nav.html.erb (Duration: 8.8ms | Allocations: 1645)
  Rendered layout layouts/application.html.erb (Duration: 112.7ms | Allocations: 12701)
Completed 200 OK in 140ms (Views: 110.1ms | ActiveRecord: 7.7ms | Allocations: 14835)


Started GET "/tickets/admin!" for ::1 at 2022-03-04 10:03:30 -0600
Processing by TicketsController#admin as HTML
  [1m[36mUser Load (6.9ms)[0m  [1m[34mSELECT `users`.* FROM `users` WHERE `users`.`id` = 1 ORDER BY `users`.`id` ASC LIMIT 1[0m
  Rendering layout layouts/application.html.erb
  Rendering tickets/admin.html.erb within layouts/application
  [1m[36mTicket Load (2.0ms)[0m  [1m[34mSELECT `tickets`.* FROM `tickets`[0m
  ↳ app/views/tickets/_sidebar.html.erb:121
  [1m[36mUser Pluck (3.7ms)[0m  [1m[34mSELECT DISTINCT `users`.`email` FROM `users` INNER JOIN `users_roles` ON `users`.`id` = `users_roles`.`user_id` INNER JOIN `roles` ON `users_roles`.`role_id` = `roles`.`id` WHERE `roles`.`resource_id` = 1 AND `roles`.`resource_type` = 'Ticket' AND `roles`.`name` = 'creator'[0m
  ↳ app/views/tickets/_ticket.html.erb:32
  [1m[36mUser Pluck (2.4ms)[0m  [1m[34mSELECT DISTINCT `users`.`email` FROM `users` INNER JOIN `users_roles` ON `users`.`id` = `users_roles`.`user_id` INNER JOIN `roles` ON `users_roles`.`role_id` = `roles`.`id` WHERE `roles`.`resource_id` = 1 AND `roles`.`resource_type` = 'Ticket' AND `roles`.`name` = 'editor'[0m
  ↳ app/views/tickets/_ticket.html.erb:33
  Rendered collection of tickets/_ticket.html.erb [1 times] (Duration: 41.3ms | Allocations: 2606)
  Rendered tickets/_sidebar.html.erb (Duration: 46.9ms | Allocations: 3333)
  Rendered tickets/admin.html.erb within layouts/application (Duration: 47.3ms | Allocations: 3408)
  [1m[36mRole Load (15.1ms)[0m  [1m[34mSELECT `roles`.* FROM `roles` INNER JOIN `users_roles` ON `roles`.`id` = `users_roles`.`role_id` WHERE `users_roles`.`user_id` = 1 AND (((roles.name = 'admin') AND (roles.resource_type IS NULL) AND (roles.resource_id IS NULL)))[0m
  ↳ app/views/tickets/_nav.html.erb:21
  Rendered tickets/_nav.html.erb (Duration: 20.3ms | Allocations: 1637)
  Rendered layout layouts/application.html.erb (Duration: 98.8ms | Allocations: 12535)
Completed 200 OK in 118ms (Views: 76.7ms | ActiveRecord: 30.0ms | Allocations: 14126)


Started GET "/tickets/1/edit" for ::1 at 2022-03-04 10:03:35 -0600
Processing by TicketsController#edit as HTML
  Parameters: {"id"=>"1"}
  [1m[36mTicket Load (2.0ms)[0m  [1m[34mSELECT `tickets`.* FROM `tickets` WHERE `tickets`.`id` = 1 LIMIT 1[0m
  ↳ app/controllers/tickets_controller.rb:98:in `find_ticket'
  [1m[36mUser Load (3.3ms)[0m  [1m[34mSELECT `users`.* FROM `users` WHERE `users`.`id` = 1 ORDER BY `users`.`id` ASC LIMIT 1[0m
  Rendering layout layouts/application.html.erb
  Rendering tickets/edit.html.erb within layouts/application
  Rendered tickets/edit.html.erb within layouts/application (Duration: 6.1ms | Allocations: 2721)
  [1m[36mRole Load (51.1ms)[0m  [1m[34mSELECT `roles`.* FROM `roles` INNER JOIN `users_roles` ON `roles`.`id` = `users_roles`.`role_id` WHERE `users_roles`.`user_id` = 1 AND (((roles.name = 'admin') AND (roles.resource_type IS NULL) AND (roles.resource_id IS NULL)))[0m
  ↳ app/views/tickets/_nav.html.erb:21
  Rendered tickets/_nav.html.erb (Duration: 61.2ms | Allocations: 1637)
  Rendered layout layouts/application.html.erb (Duration: 82.0ms | Allocations: 11844)
Completed 200 OK in 100ms (Views: 32.0ms | ActiveRecord: 56.3ms | Allocations: 13889)


Started PATCH "/tickets/1" for ::1 at 2022-03-04 10:03:44 -0600
Processing by TicketsController#update as HTML
  Parameters: {"authenticity_token"=>"[FILTERED]", "ticket"=>{"nombre_usuario"=>"Mou Grind", "telefono"=>"99999999", "email_cliente"=>"user1@gmail.com", "pais"=>"HN", "ciudad"=>"TGU", "ubicacion"=>"TM", "asunto"=>"asunto1", "solucion"=>"hey", "state"=>"assign_agent"}, "commit"=>"Update Ticket", "id"=>"1"}
  [1m[36mTicket Load (40.7ms)[0m  [1m[34mSELECT `tickets`.* FROM `tickets` WHERE `tickets`.`id` = 1 LIMIT 1[0m
  ↳ app/controllers/tickets_controller.rb:98:in `find_ticket'
  [1m[36mUser Load (1.1ms)[0m  [1m[34mSELECT `users`.* FROM `users` WHERE `users`.`id` = 1 ORDER BY `users`.`id` ASC LIMIT 1[0m
  [1m[36mTRANSACTION (7.4ms)[0m  [1m[35mBEGIN[0m
  ↳ app/controllers/tickets_controller.rb:61:in `update'
  [1m[36mUser Load (1.9ms)[0m  [1m[34mSELECT `users`.* FROM `users` WHERE `users`.`id` = 1 LIMIT 1[0m
  ↳ app/controllers/tickets_controller.rb:61:in `update'
  [1m[36mTicket Update (64.7ms)[0m  [1m[33mUPDATE `tickets` SET `tickets`.`solucion` = 'hey', `tickets`.`updated_at` = '2022-03-04 16:03:44.650756', `tickets`.`state` = 'assign_agent' WHERE `tickets`.`id` = 1[0m
  ↳ app/controllers/tickets_controller.rb:61:in `update'
  [1m[36mTRANSACTION (252.9ms)[0m  [1m[35mCOMMIT[0m
  ↳ app/controllers/tickets_controller.rb:61:in `update'
  [1m[36mRole Load (1.1ms)[0m  [1m[34mSELECT `roles`.* FROM `roles` WHERE `roles`.`name` = 'editor' AND `roles`.`resource_type` = 'Ticket' AND `roles`.`resource_id` = 1 ORDER BY `roles`.`id` ASC LIMIT 1[0m
  ↳ app/controllers/tickets_controller.rb:62:in `update'
  [1m[36mTRANSACTION (2.3ms)[0m  [1m[35mBEGIN[0m
  ↳ app/controllers/tickets_controller.rb:62:in `update'
  [1m[36mRole Create (1.7ms)[0m  [1m[32mINSERT INTO `roles` (`name`, `resource_type`, `resource_id`, `created_at`, `updated_at`) VALUES ('editor', 'Ticket', 1, '2022-03-04 16:03:44.977522', '2022-03-04 16:03:44.977522')[0m
  ↳ app/controllers/tickets_controller.rb:62:in `update'
  [1m[36mTRANSACTION (185.6ms)[0m  [1m[35mCOMMIT[0m
  ↳ app/controllers/tickets_controller.rb:62:in `update'
  [1m[36mRole Exists? (0.6ms)[0m  [1m[34mSELECT 1 AS one FROM `roles` INNER JOIN `users_roles` ON `roles`.`id` = `users_roles`.`role_id` WHERE `users_roles`.`user_id` = 1 AND `roles`.`id` = 4 LIMIT 1[0m
  ↳ app/controllers/tickets_controller.rb:62:in `update'
  [1m[36mCACHE Role Exists? (0.1ms)[0m  [1m[34mSELECT 1 AS one FROM `roles` INNER JOIN `users_roles` ON `roles`.`id` = `users_roles`.`role_id` WHERE `users_roles`.`user_id` = 1 AND `roles`.`id` = 4 LIMIT 1[0m
  ↳ app/controllers/tickets_controller.rb:62:in `update'
  [1m[36mTRANSACTION (0.4ms)[0m  [1m[35mBEGIN[0m
  ↳ app/controllers/tickets_controller.rb:62:in `update'
  [1m[36mUser::HABTM_Roles Create (0.5ms)[0m  [1m[32mINSERT INTO `users_roles` (`user_id`, `role_id`) VALUES (1, 4)[0m
  ↳ app/controllers/tickets_controller.rb:62:in `update'
  [1m[36mTRANSACTION (343.4ms)[0m  [1m[35mCOMMIT[0m
  ↳ app/controllers/tickets_controller.rb:62:in `update'
Redirected to http://localhost:3000/
Completed 302 Found in 990ms (ActiveRecord: 906.2ms | Allocations: 19397)


Started GET "/" for ::1 at 2022-03-04 10:03:45 -0600
Processing by HomeController#index as HTML
  Rendering layout layouts/application.html.erb
  Rendering home/index.html.erb within layouts/application
  Rendered home/index.html.erb within layouts/application (Duration: 10.2ms | Allocations: 1254)
  [1m[36mUser Load (1.2ms)[0m  [1m[34mSELECT `users`.* FROM `users` WHERE `users`.`id` = 1 ORDER BY `users`.`id` ASC LIMIT 1[0m
  ↳ app/views/tickets/_nav.html.erb:21
  [1m[36mRole Load (35.7ms)[0m  [1m[34mSELECT `roles`.* FROM `roles` INNER JOIN `users_roles` ON `roles`.`id` = `users_roles`.`role_id` WHERE `users_roles`.`user_id` = 1 AND (((roles.name = 'admin') AND (roles.resource_type IS NULL) AND (roles.resource_id IS NULL)))[0m
  ↳ app/views/tickets/_nav.html.erb:21
  Rendered tickets/_nav.html.erb (Duration: 50.9ms | Allocations: 2354)
  Rendered layout layouts/application.html.erb (Duration: 420.1ms | Allocations: 10979)
Completed 200 OK in 429ms (Views: 390.9ms | ActiveRecord: 36.9ms | Allocations: 11536)


Started GET "/images/hero-back-illustration.svg" for ::1 at 2022-03-04 10:03:46 -0600
Started GET "/images/hero-top-illustration.svg" for ::1 at 2022-03-04 10:03:46 -0600
  
ActionController::RoutingError (No route matches [GET] "/images/hero-top-illustration.svg"):
  
Started GET "/images/cta-illustration.svg" for ::1 at 2022-03-04 10:03:46 -0600
  
ActionController::RoutingError (No route matches [GET] "/images/cta-illustration.svg"):
  
  
ActionController::RoutingError (No route matches [GET] "/images/hero-back-illustration.svg"):
  
Started POST "/verify" for ::1 at 2022-03-04 10:03:54 -0600
Processing by TicketsController#verify as HTML
  Parameters: {"authenticity_token"=>"[FILTERED]", "id"=>"1", "email"=>"user1@gmail.com", "commit"=>"Buscar"}
  [1m[36mUser Load (2.0ms)[0m  [1m[34mSELECT `users`.* FROM `users` WHERE `users`.`id` = 1 ORDER BY `users`.`id` ASC LIMIT 1[0m
  [1m[36mTicket Load (2.5ms)[0m  [1m[34mSELECT `tickets`.* FROM `tickets` WHERE `tickets`.`id` = 1 LIMIT 1[0m
  ↳ app/controllers/tickets_controller.rb:50:in `verify'
  Rendering layout layouts/application.html.erb
  Rendering tickets/verify.html.erb within layouts/application
  [1m[36mUser Pluck (2.2ms)[0m  [1m[34mSELECT DISTINCT `users`.`email` FROM `users` INNER JOIN `users_roles` ON `users`.`id` = `users_roles`.`user_id` INNER JOIN `roles` ON `users_roles`.`role_id` = `roles`.`id` WHERE `roles`.`resource_id` = 1 AND `roles`.`resource_type` = 'Ticket' AND `roles`.`name` = 'editor'[0m
  ↳ app/views/tickets/verify.html.erb:42
  [1m[36mCACHE User Pluck (0.0ms)[0m  [1m[34mSELECT DISTINCT `users`.`email` FROM `users` INNER JOIN `users_roles` ON `users`.`id` = `users_roles`.`user_id` INNER JOIN `roles` ON `users_roles`.`role_id` = `roles`.`id` WHERE `roles`.`resource_id` = 1 AND `roles`.`resource_type` = 'Ticket' AND `roles`.`name` = 'editor'[0m
  ↳ app/views/tickets/verify.html.erb:104
  Rendered tickets/verify.html.erb within layouts/application (Duration: 15.1ms | Allocations: 1831)
  [1m[36mRole Load (2.7ms)[0m  [1m[34mSELECT `roles`.* FROM `roles` INNER JOIN `users_roles` ON `roles`.`id` = `users_roles`.`role_id` WHERE `users_roles`.`user_id` = 1 AND (((roles.name = 'admin') AND (roles.resource_type IS NULL) AND (roles.resource_id IS NULL)))[0m
  ↳ app/views/tickets/_nav.html.erb:21
  Rendered tickets/_nav.html.erb (Duration: 13.5ms | Allocations: 1647)
  Rendered layout layouts/application.html.erb (Duration: 53.6ms | Allocations: 11024)
Completed 200 OK in 67ms (Views: 50.1ms | ActiveRecord: 9.4ms | Allocations: 13126)


Started POST "/verify" for ::1 at 2022-03-04 10:07:15 -0600
Processing by TicketsController#verify as HTML
  Parameters: {"authenticity_token"=>"[FILTERED]", "id"=>"1", "email"=>"user1@gmail.com", "commit"=>"Buscar"}
  [1m[36mUser Load (0.7ms)[0m  [1m[34mSELECT `users`.* FROM `users` WHERE `users`.`id` = 1 ORDER BY `users`.`id` ASC LIMIT 1[0m
  [1m[36mTicket Load (0.5ms)[0m  [1m[34mSELECT `tickets`.* FROM `tickets` WHERE `tickets`.`id` = 1 LIMIT 1[0m
  ↳ app/controllers/tickets_controller.rb:50:in `verify'
  Rendering layout layouts/application.html.erb
  Rendering tickets/verify.html.erb within layouts/application
  [1m[36mUser Pluck (1.3ms)[0m  [1m[34mSELECT DISTINCT `users`.`email` FROM `users` INNER JOIN `users_roles` ON `users`.`id` = `users_roles`.`user_id` INNER JOIN `roles` ON `users_roles`.`role_id` = `roles`.`id` WHERE `roles`.`resource_id` = 1 AND `roles`.`resource_type` = 'Ticket' AND `roles`.`name` = 'editor'[0m
  ↳ app/views/tickets/verify.html.erb:42
  [1m[36mCACHE User Pluck (0.0ms)[0m  [1m[34mSELECT DISTINCT `users`.`email` FROM `users` INNER JOIN `users_roles` ON `users`.`id` = `users_roles`.`user_id` INNER JOIN `roles` ON `users_roles`.`role_id` = `roles`.`id` WHERE `roles`.`resource_id` = 1 AND `roles`.`resource_type` = 'Ticket' AND `roles`.`name` = 'editor'[0m
  ↳ app/views/tickets/verify.html.erb:105
  Rendered tickets/verify.html.erb within layouts/application (Duration: 18.0ms | Allocations: 3462)
  [1m[36mRole Load (0.6ms)[0m  [1m[34mSELECT `roles`.* FROM `roles` INNER JOIN `users_roles` ON `roles`.`id` = `users_roles`.`role_id` WHERE `users_roles`.`user_id` = 1 AND (((roles.name = 'admin') AND (roles.resource_type IS NULL) AND (roles.resource_id IS NULL)))[0m
  ↳ app/views/tickets/_nav.html.erb:21
  Rendered tickets/_nav.html.erb (Duration: 12.9ms | Allocations: 2148)
  Rendered layout layouts/application.html.erb (Duration: 140.4ms | Allocations: 13985)
Completed 200 OK in 186ms (Views: 158.7ms | ActiveRecord: 3.1ms | Allocations: 16751)


Started POST "/verify" for ::1 at 2022-03-04 10:08:21 -0600
Processing by TicketsController#verify as HTML
  Parameters: {"authenticity_token"=>"[FILTERED]", "id"=>"1", "email"=>"user1@gmail.com", "commit"=>"Buscar"}
  [1m[36mUser Load (0.7ms)[0m  [1m[34mSELECT `users`.* FROM `users` WHERE `users`.`id` = 1 ORDER BY `users`.`id` ASC LIMIT 1[0m
  [1m[36mTicket Load (3.0ms)[0m  [1m[34mSELECT `tickets`.* FROM `tickets` WHERE `tickets`.`id` = 1 LIMIT 1[0m
  ↳ app/controllers/tickets_controller.rb:50:in `verify'
  Rendering layout layouts/application.html.erb
  Rendering tickets/verify.html.erb within layouts/application
  [1m[36mUser Pluck (1.6ms)[0m  [1m[34mSELECT DISTINCT `users`.`email` FROM `users` INNER JOIN `users_roles` ON `users`.`id` = `users_roles`.`user_id` INNER JOIN `roles` ON `users_roles`.`role_id` = `roles`.`id` WHERE `roles`.`resource_id` = 1 AND `roles`.`resource_type` = 'Ticket' AND `roles`.`name` = 'editor'[0m
  ↳ app/views/tickets/verify.html.erb:42
  [1m[36mCACHE User Pluck (0.0ms)[0m  [1m[34mSELECT DISTINCT `users`.`email` FROM `users` INNER JOIN `users_roles` ON `users`.`id` = `users_roles`.`user_id` INNER JOIN `roles` ON `users_roles`.`role_id` = `roles`.`id` WHERE `roles`.`resource_id` = 1 AND `roles`.`resource_type` = 'Ticket' AND `roles`.`name` = 'editor'[0m
  ↳ app/views/tickets/verify.html.erb:106
  Rendered tickets/verify.html.erb within layouts/application (Duration: 13.1ms | Allocations: 3464)
  [1m[36mRole Load (0.9ms)[0m  [1m[34mSELECT `roles`.* FROM `roles` INNER JOIN `users_roles` ON `roles`.`id` = `users_roles`.`role_id` WHERE `users_roles`.`user_id` = 1 AND (((roles.name = 'admin') AND (roles.resource_type IS NULL) AND (roles.resource_id IS NULL)))[0m
  ↳ app/views/tickets/_nav.html.erb:21
  Rendered tickets/_nav.html.erb (Duration: 18.6ms | Allocations: 2148)
  Rendered layout layouts/application.html.erb (Duration: 44.3ms | Allocations: 13987)
Completed 200 OK in 152ms (Views: 135.6ms | ActiveRecord: 6.2ms | Allocations: 16751)


Started POST "/verify" for ::1 at 2022-03-04 10:09:01 -0600
Processing by TicketsController#verify as HTML
  Parameters: {"authenticity_token"=>"[FILTERED]", "id"=>"1", "email"=>"user1@gmail.com", "commit"=>"Buscar"}
  [1m[36mUser Load (0.4ms)[0m  [1m[34mSELECT `users`.* FROM `users` WHERE `users`.`id` = 1 ORDER BY `users`.`id` ASC LIMIT 1[0m
  [1m[36mTicket Load (0.4ms)[0m  [1m[34mSELECT `tickets`.* FROM `tickets` WHERE `tickets`.`id` = 1 LIMIT 1[0m
  ↳ app/controllers/tickets_controller.rb:50:in `verify'
  Rendering layout layouts/application.html.erb
  Rendering tickets/verify.html.erb within layouts/application
  [1m[36mUser Pluck (0.7ms)[0m  [1m[34mSELECT DISTINCT `users`.`email` FROM `users` INNER JOIN `users_roles` ON `users`.`id` = `users_roles`.`user_id` INNER JOIN `roles` ON `users_roles`.`role_id` = `roles`.`id` WHERE `roles`.`resource_id` = 1 AND `roles`.`resource_type` = 'Ticket' AND `roles`.`name` = 'editor'[0m
  ↳ app/views/tickets/verify.html.erb:42
  [1m[36mCACHE User Pluck (0.0ms)[0m  [1m[34mSELECT DISTINCT `users`.`email` FROM `users` INNER JOIN `users_roles` ON `users`.`id` = `users_roles`.`user_id` INNER JOIN `roles` ON `users_roles`.`role_id` = `roles`.`id` WHERE `roles`.`resource_id` = 1 AND `roles`.`resource_type` = 'Ticket' AND `roles`.`name` = 'editor'[0m
  ↳ app/views/tickets/verify.html.erb:106
  Rendered tickets/verify.html.erb within layouts/application (Duration: 10.8ms | Allocations: 3464)
  [1m[36mRole Load (0.8ms)[0m  [1m[34mSELECT `roles`.* FROM `roles` INNER JOIN `users_roles` ON `roles`.`id` = `users_roles`.`role_id` WHERE `users_roles`.`user_id` = 1 AND (((roles.name = 'admin') AND (roles.resource_type IS NULL) AND (roles.resource_id IS NULL)))[0m
  ↳ app/views/tickets/_nav.html.erb:21
  Rendered tickets/_nav.html.erb (Duration: 8.2ms | Allocations: 2148)
  Rendered layout layouts/application.html.erb (Duration: 32.5ms | Allocations: 13987)
Completed 200 OK in 63ms (Views: 56.4ms | ActiveRecord: 2.4ms | Allocations: 16747)


Started GET "/tickets/new" for ::1 at 2022-03-04 10:15:24 -0600
Processing by TicketsController#new as HTML
  [1m[36mUser Load (2.4ms)[0m  [1m[34mSELECT `users`.* FROM `users` WHERE `users`.`id` = 1 ORDER BY `users`.`id` ASC LIMIT 1[0m
  Rendering layout layouts/application.html.erb
  Rendering tickets/new.html.erb within layouts/application
  Rendered tickets/new.html.erb within layouts/application (Duration: 7.0ms | Allocations: 3009)
  [1m[36mRole Load (3.6ms)[0m  [1m[34mSELECT `roles`.* FROM `roles` INNER JOIN `users_roles` ON `roles`.`id` = `users_roles`.`role_id` WHERE `users_roles`.`user_id` = 1 AND (((roles.name = 'admin') AND (roles.resource_type IS NULL) AND (roles.resource_id IS NULL)))[0m
  ↳ app/views/tickets/_nav.html.erb:21
  Rendered tickets/_nav.html.erb (Duration: 20.7ms | Allocations: 2142)
  Rendered layout layouts/application.html.erb (Duration: 53.2ms | Allocations: 13533)
Completed 200 OK in 80ms (Views: 51.9ms | ActiveRecord: 12.6ms | Allocations: 15895)


Started GET "/tickets/new" for ::1 at 2022-03-04 10:15:48 -0600
Processing by TicketsController#new as HTML
  [1m[36mUser Load (0.4ms)[0m  [1m[34mSELECT `users`.* FROM `users` WHERE `users`.`id` = 1 ORDER BY `users`.`id` ASC LIMIT 1[0m
  Rendering layout layouts/application.html.erb
  Rendering tickets/new.html.erb within layouts/application
  Rendered tickets/new.html.erb within layouts/application (Duration: 7.5ms | Allocations: 3007)
  [1m[36mRole Load (0.7ms)[0m  [1m[34mSELECT `roles`.* FROM `roles` INNER JOIN `users_roles` ON `roles`.`id` = `users_roles`.`role_id` WHERE `users_roles`.`user_id` = 1 AND (((roles.name = 'admin') AND (roles.resource_type IS NULL) AND (roles.resource_id IS NULL)))[0m
  ↳ app/views/tickets/_nav.html.erb:21
  Rendered tickets/_nav.html.erb (Duration: 8.2ms | Allocations: 2142)
  Rendered layout layouts/application.html.erb (Duration: 31.4ms | Allocations: 13531)
Completed 200 OK in 44ms (Views: 35.2ms | ActiveRecord: 1.1ms | Allocations: 15784)


Started GET "/tickets/new" for ::1 at 2022-03-04 10:16:05 -0600
Processing by TicketsController#new as HTML
  [1m[36mUser Load (0.5ms)[0m  [1m[34mSELECT `users`.* FROM `users` WHERE `users`.`id` = 1 ORDER BY `users`.`id` ASC LIMIT 1[0m
  Rendering layout layouts/application.html.erb
  Rendering tickets/new.html.erb within layouts/application
  Rendered tickets/new.html.erb within layouts/application (Duration: 8.2ms | Allocations: 3008)
  [1m[36mRole Load (2.3ms)[0m  [1m[34mSELECT `roles`.* FROM `roles` INNER JOIN `users_roles` ON `roles`.`id` = `users_roles`.`role_id` WHERE `users_roles`.`user_id` = 1 AND (((roles.name = 'admin') AND (roles.resource_type IS NULL) AND (roles.resource_id IS NULL)))[0m
  ↳ app/views/tickets/_nav.html.erb:21
  Rendered tickets/_nav.html.erb (Duration: 12.2ms | Allocations: 2147)
  Rendered layout layouts/application.html.erb (Duration: 39.5ms | Allocations: 13565)
Completed 200 OK in 52ms (Views: 42.4ms | ActiveRecord: 2.8ms | Allocations: 15815)


Started GET "/tickets/new" for ::1 at 2022-03-04 10:16:30 -0600
Processing by TicketsController#new as HTML
  [1m[36mUser Load (0.5ms)[0m  [1m[34mSELECT `users`.* FROM `users` WHERE `users`.`id` = 1 ORDER BY `users`.`id` ASC LIMIT 1[0m
  Rendering layout layouts/application.html.erb
  Rendering tickets/new.html.erb within layouts/application
  Rendered tickets/new.html.erb within layouts/application (Duration: 8.0ms | Allocations: 3008)
  [1m[36mRole Load (0.5ms)[0m  [1m[34mSELECT `roles`.* FROM `roles` INNER JOIN `users_roles` ON `roles`.`id` = `users_roles`.`role_id` WHERE `users_roles`.`user_id` = 1 AND (((roles.name = 'admin') AND (roles.resource_type IS NULL) AND (roles.resource_id IS NULL)))[0m
  ↳ app/views/tickets/_nav.html.erb:21
  Rendered tickets/_nav.html.erb (Duration: 6.4ms | Allocations: 2142)
  Rendered layout layouts/application.html.erb (Duration: 28.1ms | Allocations: 13562)
Completed 200 OK in 70ms (Views: 64.5ms | ActiveRecord: 1.0ms | Allocations: 15804)


